[2022-07-24 15:34:00] local.ERROR: Symfony\Component\Routing\Route::sanitizeRequirement(): Argument #2 ($regex) must be of type string, null given, called in /Users/ayangefelix/Documents/Programs/Laravel-Project/mailer-send/vendor/symfony/routing/Route.php on line 346 {"exception":"[object] (TypeError(code: 0): Symfony\\Component\\Routing\\Route::sanitizeRequirement(): Argument #2 ($regex) must be of type string, null given, called in /Users/ayangefelix/Documents/Programs/Laravel-Project/mailer-send/vendor/symfony/routing/Route.php on line 346 at /Users/ayangefelix/Documents/Programs/Laravel-Project/mailer-send/vendor/symfony/routing/Route.php:431)
[stacktrace]
#0 /Users/ayangefelix/Documents/Programs/Laravel-Project/mailer-send/vendor/symfony/routing/Route.php(346): Symfony\\Component\\Routing\\Route->sanitizeRequirement('any, .*.', NULL)
#1 /Users/ayangefelix/Documents/Programs/Laravel-Project/mailer-send/vendor/symfony/routing/Route.php(53): Symfony\\Component\\Routing\\Route->addRequirements(Array)
#2 /Users/ayangefelix/Documents/Programs/Laravel-Project/mailer-send/vendor/laravel/framework/src/Illuminate/Routing/Route.php(1221): Symfony\\Component\\Routing\\Route->__construct('{any}', Array, Array, Array, '', Array, Array)
#3 /Users/ayangefelix/Documents/Programs/Laravel-Project/mailer-send/vendor/laravel/framework/src/Illuminate/Routing/Route.php(343): Illuminate\\Routing\\Route->toSymfonyRoute()
#4 /Users/ayangefelix/Documents/Programs/Laravel-Project/mailer-send/vendor/laravel/framework/src/Illuminate/Routing/Route.php(320): Illuminate\\Routing\\Route->compileRoute()
#5 /Users/ayangefelix/Documents/Programs/Laravel-Project/mailer-send/vendor/laravel/framework/src/Illuminate/Routing/AbstractRouteCollection.php(83): Illuminate\\Routing\\Route->matches(Object(Illuminate\\Http\\Request), true)
#6 /Users/ayangefelix/Documents/Programs/Laravel-Project/mailer-send/vendor/laravel/framework/src/Illuminate/Collections/Arr.php(201): Illuminate\\Routing\\AbstractRouteCollection->Illuminate\\Routing\\{closure}(Object(Illuminate\\Routing\\Route), '{any}')
#7 /Users/ayangefelix/Documents/Programs/Laravel-Project/mailer-send/vendor/laravel/framework/src/Illuminate/Collections/Collection.php(385): Illuminate\\Support\\Arr::first(Array, Object(Closure), NULL)
#8 /Users/ayangefelix/Documents/Programs/Laravel-Project/mailer-send/vendor/laravel/framework/src/Illuminate/Routing/AbstractRouteCollection.php(84): Illuminate\\Support\\Collection->first(Object(Closure))
#9 /Users/ayangefelix/Documents/Programs/Laravel-Project/mailer-send/vendor/laravel/framework/src/Illuminate/Routing/RouteCollection.php(160): Illuminate\\Routing\\AbstractRouteCollection->matchAgainstRoutes(Object(Illuminate\\Support\\Collection), Object(Illuminate\\Http\\Request))
#10 /Users/ayangefelix/Documents/Programs/Laravel-Project/mailer-send/vendor/laravel/framework/src/Illuminate/Routing/Router.php(680): Illuminate\\Routing\\RouteCollection->match(Object(Illuminate\\Http\\Request))
#11 /Users/ayangefelix/Documents/Programs/Laravel-Project/mailer-send/vendor/laravel/framework/src/Illuminate/Routing/Router.php(667): Illuminate\\Routing\\Router->findRoute(Object(Illuminate\\Http\\Request))
#12 /Users/ayangefelix/Documents/Programs/Laravel-Project/mailer-send/vendor/laravel/framework/src/Illuminate/Routing/Router.php(656): Illuminate\\Routing\\Router->dispatchToRoute(Object(Illuminate\\Http\\Request))
#13 /Users/ayangefelix/Documents/Programs/Laravel-Project/mailer-send/vendor/laravel/framework/src/Illuminate/Foundation/Http/Kernel.php(167): Illuminate\\Routing\\Router->dispatch(Object(Illuminate\\Http\\Request))
#14 /Users/ayangefelix/Documents/Programs/Laravel-Project/mailer-send/vendor/laravel/framework/src/Illuminate/Pipeline/Pipeline.php(141): Illuminate\\Foundation\\Http\\Kernel->Illuminate\\Foundation\\Http\\{closure}(Object(Illuminate\\Http\\Request))
#15 /Users/ayangefelix/Documents/Programs/Laravel-Project/mailer-send/vendor/laravel/framework/src/Illuminate/Foundation/Http/Middleware/TransformsRequest.php(21): Illuminate\\Pipeline\\Pipeline->Illuminate\\Pipeline\\{closure}(Object(Illuminate\\Http\\Request))
#16 /Users/ayangefelix/Documents/Programs/Laravel-Project/mailer-send/vendor/laravel/framework/src/Illuminate/Foundation/Http/Middleware/ConvertEmptyStringsToNull.php(31): Illuminate\\Foundation\\Http\\Middleware\\TransformsRequest->handle(Object(Illuminate\\Http\\Request), Object(Closure))
#17 /Users/ayangefelix/Documents/Programs/Laravel-Project/mailer-send/vendor/laravel/framework/src/Illuminate/Pipeline/Pipeline.php(180): Illuminate\\Foundation\\Http\\Middleware\\ConvertEmptyStringsToNull->handle(Object(Illuminate\\Http\\Request), Object(Closure))
#18 /Users/ayangefelix/Documents/Programs/Laravel-Project/mailer-send/vendor/laravel/framework/src/Illuminate/Foundation/Http/Middleware/TransformsRequest.php(21): Illuminate\\Pipeline\\Pipeline->Illuminate\\Pipeline\\{closure}(Object(Illuminate\\Http\\Request))
#19 /Users/ayangefelix/Documents/Programs/Laravel-Project/mailer-send/vendor/laravel/framework/src/Illuminate/Foundation/Http/Middleware/TrimStrings.php(40): Illuminate\\Foundation\\Http\\Middleware\\TransformsRequest->handle(Object(Illuminate\\Http\\Request), Object(Closure))
#20 /Users/ayangefelix/Documents/Programs/Laravel-Project/mailer-send/vendor/laravel/framework/src/Illuminate/Pipeline/Pipeline.php(180): Illuminate\\Foundation\\Http\\Middleware\\TrimStrings->handle(Object(Illuminate\\Http\\Request), Object(Closure))
#21 /Users/ayangefelix/Documents/Programs/Laravel-Project/mailer-send/vendor/laravel/framework/src/Illuminate/Foundation/Http/Middleware/ValidatePostSize.php(27): Illuminate\\Pipeline\\Pipeline->Illuminate\\Pipeline\\{closure}(Object(Illuminate\\Http\\Request))
#22 /Users/ayangefelix/Documents/Programs/Laravel-Project/mailer-send/vendor/laravel/framework/src/Illuminate/Pipeline/Pipeline.php(180): Illuminate\\Foundation\\Http\\Middleware\\ValidatePostSize->handle(Object(Illuminate\\Http\\Request), Object(Closure))
#23 /Users/ayangefelix/Documents/Programs/Laravel-Project/mailer-send/vendor/laravel/framework/src/Illuminate/Foundation/Http/Middleware/PreventRequestsDuringMaintenance.php(86): Illuminate\\Pipeline\\Pipeline->Illuminate\\Pipeline\\{closure}(Object(Illuminate\\Http\\Request))
#24 /Users/ayangefelix/Documents/Programs/Laravel-Project/mailer-send/vendor/laravel/framework/src/Illuminate/Pipeline/Pipeline.php(180): Illuminate\\Foundation\\Http\\Middleware\\PreventRequestsDuringMaintenance->handle(Object(Illuminate\\Http\\Request), Object(Closure))
#25 /Users/ayangefelix/Documents/Programs/Laravel-Project/mailer-send/vendor/laravel/framework/src/Illuminate/Http/Middleware/HandleCors.php(49): Illuminate\\Pipeline\\Pipeline->Illuminate\\Pipeline\\{closure}(Object(Illuminate\\Http\\Request))
#26 /Users/ayangefelix/Documents/Programs/Laravel-Project/mailer-send/vendor/laravel/framework/src/Illuminate/Pipeline/Pipeline.php(180): Illuminate\\Http\\Middleware\\HandleCors->handle(Object(Illuminate\\Http\\Request), Object(Closure))
#27 /Users/ayangefelix/Documents/Programs/Laravel-Project/mailer-send/vendor/laravel/framework/src/Illuminate/Http/Middleware/TrustProxies.php(39): Illuminate\\Pipeline\\Pipeline->Illuminate\\Pipeline\\{closure}(Object(Illuminate\\Http\\Request))
#28 /Users/ayangefelix/Documents/Programs/Laravel-Project/mailer-send/vendor/laravel/framework/src/Illuminate/Pipeline/Pipeline.php(180): Illuminate\\Http\\Middleware\\TrustProxies->handle(Object(Illuminate\\Http\\Request), Object(Closure))
#29 /Users/ayangefelix/Documents/Programs/Laravel-Project/mailer-send/vendor/laravel/framework/src/Illuminate/Pipeline/Pipeline.php(116): Illuminate\\Pipeline\\Pipeline->Illuminate\\Pipeline\\{closure}(Object(Illuminate\\Http\\Request))
#30 /Users/ayangefelix/Documents/Programs/Laravel-Project/mailer-send/vendor/laravel/framework/src/Illuminate/Foundation/Http/Kernel.php(142): Illuminate\\Pipeline\\Pipeline->then(Object(Closure))
#31 /Users/ayangefelix/Documents/Programs/Laravel-Project/mailer-send/vendor/laravel/framework/src/Illuminate/Foundation/Http/Kernel.php(111): Illuminate\\Foundation\\Http\\Kernel->sendRequestThroughRouter(Object(Illuminate\\Http\\Request))
#32 /Users/ayangefelix/Documents/Programs/Laravel-Project/mailer-send/public/index.php(52): Illuminate\\Foundation\\Http\\Kernel->handle(Object(Illuminate\\Http\\Request))
#33 /Users/ayangefelix/Documents/Programs/Laravel-Project/mailer-send/vendor/laravel/framework/src/Illuminate/Foundation/resources/server.php(16): require_once('/Users/ayangefe...')
#34 {main}
"} 
[2022-07-24 15:34:00] local.ERROR: Symfony\Component\Routing\Route::sanitizeRequirement(): Argument #2 ($regex) must be of type string, null given, called in /Users/ayangefelix/Documents/Programs/Laravel-Project/mailer-send/vendor/symfony/routing/Route.php on line 346 on line 431 in /Users/ayangefelix/Documents/Programs/Laravel-Project/mailer-send/vendor/symfony/routing/Route.php  
[2022-07-24 15:34:23] local.ERROR: Symfony\Component\Routing\Route::sanitizeRequirement(): Argument #2 ($regex) must be of type string, null given, called in /Users/ayangefelix/Documents/Programs/Laravel-Project/mailer-send/vendor/symfony/routing/Route.php on line 346 {"exception":"[object] (TypeError(code: 0): Symfony\\Component\\Routing\\Route::sanitizeRequirement(): Argument #2 ($regex) must be of type string, null given, called in /Users/ayangefelix/Documents/Programs/Laravel-Project/mailer-send/vendor/symfony/routing/Route.php on line 346 at /Users/ayangefelix/Documents/Programs/Laravel-Project/mailer-send/vendor/symfony/routing/Route.php:431)
[stacktrace]
#0 /Users/ayangefelix/Documents/Programs/Laravel-Project/mailer-send/vendor/symfony/routing/Route.php(346): Symfony\\Component\\Routing\\Route->sanitizeRequirement('any', NULL)
#1 /Users/ayangefelix/Documents/Programs/Laravel-Project/mailer-send/vendor/symfony/routing/Route.php(53): Symfony\\Component\\Routing\\Route->addRequirements(Array)
#2 /Users/ayangefelix/Documents/Programs/Laravel-Project/mailer-send/vendor/laravel/framework/src/Illuminate/Routing/Route.php(1221): Symfony\\Component\\Routing\\Route->__construct('{any}', Array, Array, Array, '', Array, Array)
#3 /Users/ayangefelix/Documents/Programs/Laravel-Project/mailer-send/vendor/laravel/framework/src/Illuminate/Routing/Route.php(343): Illuminate\\Routing\\Route->toSymfonyRoute()
#4 /Users/ayangefelix/Documents/Programs/Laravel-Project/mailer-send/vendor/laravel/framework/src/Illuminate/Routing/Route.php(320): Illuminate\\Routing\\Route->compileRoute()
#5 /Users/ayangefelix/Documents/Programs/Laravel-Project/mailer-send/vendor/laravel/framework/src/Illuminate/Routing/AbstractRouteCollection.php(83): Illuminate\\Routing\\Route->matches(Object(Illuminate\\Http\\Request), true)
#6 /Users/ayangefelix/Documents/Programs/Laravel-Project/mailer-send/vendor/laravel/framework/src/Illuminate/Collections/Arr.php(201): Illuminate\\Routing\\AbstractRouteCollection->Illuminate\\Routing\\{closure}(Object(Illuminate\\Routing\\Route), '{any}')
#7 /Users/ayangefelix/Documents/Programs/Laravel-Project/mailer-send/vendor/laravel/framework/src/Illuminate/Collections/Collection.php(385): Illuminate\\Support\\Arr::first(Array, Object(Closure), NULL)
#8 /Users/ayangefelix/Documents/Programs/Laravel-Project/mailer-send/vendor/laravel/framework/src/Illuminate/Routing/AbstractRouteCollection.php(84): Illuminate\\Support\\Collection->first(Object(Closure))
#9 /Users/ayangefelix/Documents/Programs/Laravel-Project/mailer-send/vendor/laravel/framework/src/Illuminate/Routing/RouteCollection.php(160): Illuminate\\Routing\\AbstractRouteCollection->matchAgainstRoutes(Object(Illuminate\\Support\\Collection), Object(Illuminate\\Http\\Request))
#10 /Users/ayangefelix/Documents/Programs/Laravel-Project/mailer-send/vendor/laravel/framework/src/Illuminate/Routing/Router.php(680): Illuminate\\Routing\\RouteCollection->match(Object(Illuminate\\Http\\Request))
#11 /Users/ayangefelix/Documents/Programs/Laravel-Project/mailer-send/vendor/laravel/framework/src/Illuminate/Routing/Router.php(667): Illuminate\\Routing\\Router->findRoute(Object(Illuminate\\Http\\Request))
#12 /Users/ayangefelix/Documents/Programs/Laravel-Project/mailer-send/vendor/laravel/framework/src/Illuminate/Routing/Router.php(656): Illuminate\\Routing\\Router->dispatchToRoute(Object(Illuminate\\Http\\Request))
#13 /Users/ayangefelix/Documents/Programs/Laravel-Project/mailer-send/vendor/laravel/framework/src/Illuminate/Foundation/Http/Kernel.php(167): Illuminate\\Routing\\Router->dispatch(Object(Illuminate\\Http\\Request))
#14 /Users/ayangefelix/Documents/Programs/Laravel-Project/mailer-send/vendor/laravel/framework/src/Illuminate/Pipeline/Pipeline.php(141): Illuminate\\Foundation\\Http\\Kernel->Illuminate\\Foundation\\Http\\{closure}(Object(Illuminate\\Http\\Request))
#15 /Users/ayangefelix/Documents/Programs/Laravel-Project/mailer-send/vendor/laravel/framework/src/Illuminate/Foundation/Http/Middleware/TransformsRequest.php(21): Illuminate\\Pipeline\\Pipeline->Illuminate\\Pipeline\\{closure}(Object(Illuminate\\Http\\Request))
#16 /Users/ayangefelix/Documents/Programs/Laravel-Project/mailer-send/vendor/laravel/framework/src/Illuminate/Foundation/Http/Middleware/ConvertEmptyStringsToNull.php(31): Illuminate\\Foundation\\Http\\Middleware\\TransformsRequest->handle(Object(Illuminate\\Http\\Request), Object(Closure))
#17 /Users/ayangefelix/Documents/Programs/Laravel-Project/mailer-send/vendor/laravel/framework/src/Illuminate/Pipeline/Pipeline.php(180): Illuminate\\Foundation\\Http\\Middleware\\ConvertEmptyStringsToNull->handle(Object(Illuminate\\Http\\Request), Object(Closure))
#18 /Users/ayangefelix/Documents/Programs/Laravel-Project/mailer-send/vendor/laravel/framework/src/Illuminate/Foundation/Http/Middleware/TransformsRequest.php(21): Illuminate\\Pipeline\\Pipeline->Illuminate\\Pipeline\\{closure}(Object(Illuminate\\Http\\Request))
#19 /Users/ayangefelix/Documents/Programs/Laravel-Project/mailer-send/vendor/laravel/framework/src/Illuminate/Foundation/Http/Middleware/TrimStrings.php(40): Illuminate\\Foundation\\Http\\Middleware\\TransformsRequest->handle(Object(Illuminate\\Http\\Request), Object(Closure))
#20 /Users/ayangefelix/Documents/Programs/Laravel-Project/mailer-send/vendor/laravel/framework/src/Illuminate/Pipeline/Pipeline.php(180): Illuminate\\Foundation\\Http\\Middleware\\TrimStrings->handle(Object(Illuminate\\Http\\Request), Object(Closure))
#21 /Users/ayangefelix/Documents/Programs/Laravel-Project/mailer-send/vendor/laravel/framework/src/Illuminate/Foundation/Http/Middleware/ValidatePostSize.php(27): Illuminate\\Pipeline\\Pipeline->Illuminate\\Pipeline\\{closure}(Object(Illuminate\\Http\\Request))
#22 /Users/ayangefelix/Documents/Programs/Laravel-Project/mailer-send/vendor/laravel/framework/src/Illuminate/Pipeline/Pipeline.php(180): Illuminate\\Foundation\\Http\\Middleware\\ValidatePostSize->handle(Object(Illuminate\\Http\\Request), Object(Closure))
#23 /Users/ayangefelix/Documents/Programs/Laravel-Project/mailer-send/vendor/laravel/framework/src/Illuminate/Foundation/Http/Middleware/PreventRequestsDuringMaintenance.php(86): Illuminate\\Pipeline\\Pipeline->Illuminate\\Pipeline\\{closure}(Object(Illuminate\\Http\\Request))
#24 /Users/ayangefelix/Documents/Programs/Laravel-Project/mailer-send/vendor/laravel/framework/src/Illuminate/Pipeline/Pipeline.php(180): Illuminate\\Foundation\\Http\\Middleware\\PreventRequestsDuringMaintenance->handle(Object(Illuminate\\Http\\Request), Object(Closure))
#25 /Users/ayangefelix/Documents/Programs/Laravel-Project/mailer-send/vendor/laravel/framework/src/Illuminate/Http/Middleware/HandleCors.php(49): Illuminate\\Pipeline\\Pipeline->Illuminate\\Pipeline\\{closure}(Object(Illuminate\\Http\\Request))
#26 /Users/ayangefelix/Documents/Programs/Laravel-Project/mailer-send/vendor/laravel/framework/src/Illuminate/Pipeline/Pipeline.php(180): Illuminate\\Http\\Middleware\\HandleCors->handle(Object(Illuminate\\Http\\Request), Object(Closure))
#27 /Users/ayangefelix/Documents/Programs/Laravel-Project/mailer-send/vendor/laravel/framework/src/Illuminate/Http/Middleware/TrustProxies.php(39): Illuminate\\Pipeline\\Pipeline->Illuminate\\Pipeline\\{closure}(Object(Illuminate\\Http\\Request))
#28 /Users/ayangefelix/Documents/Programs/Laravel-Project/mailer-send/vendor/laravel/framework/src/Illuminate/Pipeline/Pipeline.php(180): Illuminate\\Http\\Middleware\\TrustProxies->handle(Object(Illuminate\\Http\\Request), Object(Closure))
#29 /Users/ayangefelix/Documents/Programs/Laravel-Project/mailer-send/vendor/laravel/framework/src/Illuminate/Pipeline/Pipeline.php(116): Illuminate\\Pipeline\\Pipeline->Illuminate\\Pipeline\\{closure}(Object(Illuminate\\Http\\Request))
#30 /Users/ayangefelix/Documents/Programs/Laravel-Project/mailer-send/vendor/laravel/framework/src/Illuminate/Foundation/Http/Kernel.php(142): Illuminate\\Pipeline\\Pipeline->then(Object(Closure))
#31 /Users/ayangefelix/Documents/Programs/Laravel-Project/mailer-send/vendor/laravel/framework/src/Illuminate/Foundation/Http/Kernel.php(111): Illuminate\\Foundation\\Http\\Kernel->sendRequestThroughRouter(Object(Illuminate\\Http\\Request))
#32 /Users/ayangefelix/Documents/Programs/Laravel-Project/mailer-send/public/index.php(52): Illuminate\\Foundation\\Http\\Kernel->handle(Object(Illuminate\\Http\\Request))
#33 /Users/ayangefelix/Documents/Programs/Laravel-Project/mailer-send/vendor/laravel/framework/src/Illuminate/Foundation/resources/server.php(16): require_once('/Users/ayangefe...')
#34 {main}
"} 
[2022-07-24 15:34:23] local.ERROR: Symfony\Component\Routing\Route::sanitizeRequirement(): Argument #2 ($regex) must be of type string, null given, called in /Users/ayangefelix/Documents/Programs/Laravel-Project/mailer-send/vendor/symfony/routing/Route.php on line 346 on line 431 in /Users/ayangefelix/Documents/Programs/Laravel-Project/mailer-send/vendor/symfony/routing/Route.php  
[2022-07-24 15:34:25] local.ERROR: Symfony\Component\Routing\Route::sanitizeRequirement(): Argument #2 ($regex) must be of type string, null given, called in /Users/ayangefelix/Documents/Programs/Laravel-Project/mailer-send/vendor/symfony/routing/Route.php on line 346 {"exception":"[object] (TypeError(code: 0): Symfony\\Component\\Routing\\Route::sanitizeRequirement(): Argument #2 ($regex) must be of type string, null given, called in /Users/ayangefelix/Documents/Programs/Laravel-Project/mailer-send/vendor/symfony/routing/Route.php on line 346 at /Users/ayangefelix/Documents/Programs/Laravel-Project/mailer-send/vendor/symfony/routing/Route.php:431)
[stacktrace]
#0 /Users/ayangefelix/Documents/Programs/Laravel-Project/mailer-send/vendor/symfony/routing/Route.php(346): Symfony\\Component\\Routing\\Route->sanitizeRequirement('any', NULL)
#1 /Users/ayangefelix/Documents/Programs/Laravel-Project/mailer-send/vendor/symfony/routing/Route.php(53): Symfony\\Component\\Routing\\Route->addRequirements(Array)
#2 /Users/ayangefelix/Documents/Programs/Laravel-Project/mailer-send/vendor/laravel/framework/src/Illuminate/Routing/Route.php(1221): Symfony\\Component\\Routing\\Route->__construct('{any}', Array, Array, Array, '', Array, Array)
#3 /Users/ayangefelix/Documents/Programs/Laravel-Project/mailer-send/vendor/laravel/framework/src/Illuminate/Routing/Route.php(343): Illuminate\\Routing\\Route->toSymfonyRoute()
#4 /Users/ayangefelix/Documents/Programs/Laravel-Project/mailer-send/vendor/laravel/framework/src/Illuminate/Routing/Route.php(320): Illuminate\\Routing\\Route->compileRoute()
#5 /Users/ayangefelix/Documents/Programs/Laravel-Project/mailer-send/vendor/laravel/framework/src/Illuminate/Routing/AbstractRouteCollection.php(83): Illuminate\\Routing\\Route->matches(Object(Illuminate\\Http\\Request), true)
#6 /Users/ayangefelix/Documents/Programs/Laravel-Project/mailer-send/vendor/laravel/framework/src/Illuminate/Collections/Arr.php(201): Illuminate\\Routing\\AbstractRouteCollection->Illuminate\\Routing\\{closure}(Object(Illuminate\\Routing\\Route), '{any}')
#7 /Users/ayangefelix/Documents/Programs/Laravel-Project/mailer-send/vendor/laravel/framework/src/Illuminate/Collections/Collection.php(385): Illuminate\\Support\\Arr::first(Array, Object(Closure), NULL)
#8 /Users/ayangefelix/Documents/Programs/Laravel-Project/mailer-send/vendor/laravel/framework/src/Illuminate/Routing/AbstractRouteCollection.php(84): Illuminate\\Support\\Collection->first(Object(Closure))
#9 /Users/ayangefelix/Documents/Programs/Laravel-Project/mailer-send/vendor/laravel/framework/src/Illuminate/Routing/RouteCollection.php(160): Illuminate\\Routing\\AbstractRouteCollection->matchAgainstRoutes(Object(Illuminate\\Support\\Collection), Object(Illuminate\\Http\\Request))
#10 /Users/ayangefelix/Documents/Programs/Laravel-Project/mailer-send/vendor/laravel/framework/src/Illuminate/Routing/Router.php(680): Illuminate\\Routing\\RouteCollection->match(Object(Illuminate\\Http\\Request))
#11 /Users/ayangefelix/Documents/Programs/Laravel-Project/mailer-send/vendor/laravel/framework/src/Illuminate/Routing/Router.php(667): Illuminate\\Routing\\Router->findRoute(Object(Illuminate\\Http\\Request))
#12 /Users/ayangefelix/Documents/Programs/Laravel-Project/mailer-send/vendor/laravel/framework/src/Illuminate/Routing/Router.php(656): Illuminate\\Routing\\Router->dispatchToRoute(Object(Illuminate\\Http\\Request))
#13 /Users/ayangefelix/Documents/Programs/Laravel-Project/mailer-send/vendor/laravel/framework/src/Illuminate/Foundation/Http/Kernel.php(167): Illuminate\\Routing\\Router->dispatch(Object(Illuminate\\Http\\Request))
#14 /Users/ayangefelix/Documents/Programs/Laravel-Project/mailer-send/vendor/laravel/framework/src/Illuminate/Pipeline/Pipeline.php(141): Illuminate\\Foundation\\Http\\Kernel->Illuminate\\Foundation\\Http\\{closure}(Object(Illuminate\\Http\\Request))
#15 /Users/ayangefelix/Documents/Programs/Laravel-Project/mailer-send/vendor/laravel/framework/src/Illuminate/Foundation/Http/Middleware/TransformsRequest.php(21): Illuminate\\Pipeline\\Pipeline->Illuminate\\Pipeline\\{closure}(Object(Illuminate\\Http\\Request))
#16 /Users/ayangefelix/Documents/Programs/Laravel-Project/mailer-send/vendor/laravel/framework/src/Illuminate/Foundation/Http/Middleware/ConvertEmptyStringsToNull.php(31): Illuminate\\Foundation\\Http\\Middleware\\TransformsRequest->handle(Object(Illuminate\\Http\\Request), Object(Closure))
#17 /Users/ayangefelix/Documents/Programs/Laravel-Project/mailer-send/vendor/laravel/framework/src/Illuminate/Pipeline/Pipeline.php(180): Illuminate\\Foundation\\Http\\Middleware\\ConvertEmptyStringsToNull->handle(Object(Illuminate\\Http\\Request), Object(Closure))
#18 /Users/ayangefelix/Documents/Programs/Laravel-Project/mailer-send/vendor/laravel/framework/src/Illuminate/Foundation/Http/Middleware/TransformsRequest.php(21): Illuminate\\Pipeline\\Pipeline->Illuminate\\Pipeline\\{closure}(Object(Illuminate\\Http\\Request))
#19 /Users/ayangefelix/Documents/Programs/Laravel-Project/mailer-send/vendor/laravel/framework/src/Illuminate/Foundation/Http/Middleware/TrimStrings.php(40): Illuminate\\Foundation\\Http\\Middleware\\TransformsRequest->handle(Object(Illuminate\\Http\\Request), Object(Closure))
#20 /Users/ayangefelix/Documents/Programs/Laravel-Project/mailer-send/vendor/laravel/framework/src/Illuminate/Pipeline/Pipeline.php(180): Illuminate\\Foundation\\Http\\Middleware\\TrimStrings->handle(Object(Illuminate\\Http\\Request), Object(Closure))
#21 /Users/ayangefelix/Documents/Programs/Laravel-Project/mailer-send/vendor/laravel/framework/src/Illuminate/Foundation/Http/Middleware/ValidatePostSize.php(27): Illuminate\\Pipeline\\Pipeline->Illuminate\\Pipeline\\{closure}(Object(Illuminate\\Http\\Request))
#22 /Users/ayangefelix/Documents/Programs/Laravel-Project/mailer-send/vendor/laravel/framework/src/Illuminate/Pipeline/Pipeline.php(180): Illuminate\\Foundation\\Http\\Middleware\\ValidatePostSize->handle(Object(Illuminate\\Http\\Request), Object(Closure))
#23 /Users/ayangefelix/Documents/Programs/Laravel-Project/mailer-send/vendor/laravel/framework/src/Illuminate/Foundation/Http/Middleware/PreventRequestsDuringMaintenance.php(86): Illuminate\\Pipeline\\Pipeline->Illuminate\\Pipeline\\{closure}(Object(Illuminate\\Http\\Request))
#24 /Users/ayangefelix/Documents/Programs/Laravel-Project/mailer-send/vendor/laravel/framework/src/Illuminate/Pipeline/Pipeline.php(180): Illuminate\\Foundation\\Http\\Middleware\\PreventRequestsDuringMaintenance->handle(Object(Illuminate\\Http\\Request), Object(Closure))
#25 /Users/ayangefelix/Documents/Programs/Laravel-Project/mailer-send/vendor/laravel/framework/src/Illuminate/Http/Middleware/HandleCors.php(49): Illuminate\\Pipeline\\Pipeline->Illuminate\\Pipeline\\{closure}(Object(Illuminate\\Http\\Request))
#26 /Users/ayangefelix/Documents/Programs/Laravel-Project/mailer-send/vendor/laravel/framework/src/Illuminate/Pipeline/Pipeline.php(180): Illuminate\\Http\\Middleware\\HandleCors->handle(Object(Illuminate\\Http\\Request), Object(Closure))
#27 /Users/ayangefelix/Documents/Programs/Laravel-Project/mailer-send/vendor/laravel/framework/src/Illuminate/Http/Middleware/TrustProxies.php(39): Illuminate\\Pipeline\\Pipeline->Illuminate\\Pipeline\\{closure}(Object(Illuminate\\Http\\Request))
#28 /Users/ayangefelix/Documents/Programs/Laravel-Project/mailer-send/vendor/laravel/framework/src/Illuminate/Pipeline/Pipeline.php(180): Illuminate\\Http\\Middleware\\TrustProxies->handle(Object(Illuminate\\Http\\Request), Object(Closure))
#29 /Users/ayangefelix/Documents/Programs/Laravel-Project/mailer-send/vendor/laravel/framework/src/Illuminate/Pipeline/Pipeline.php(116): Illuminate\\Pipeline\\Pipeline->Illuminate\\Pipeline\\{closure}(Object(Illuminate\\Http\\Request))
#30 /Users/ayangefelix/Documents/Programs/Laravel-Project/mailer-send/vendor/laravel/framework/src/Illuminate/Foundation/Http/Kernel.php(142): Illuminate\\Pipeline\\Pipeline->then(Object(Closure))
#31 /Users/ayangefelix/Documents/Programs/Laravel-Project/mailer-send/vendor/laravel/framework/src/Illuminate/Foundation/Http/Kernel.php(111): Illuminate\\Foundation\\Http\\Kernel->sendRequestThroughRouter(Object(Illuminate\\Http\\Request))
#32 /Users/ayangefelix/Documents/Programs/Laravel-Project/mailer-send/public/index.php(52): Illuminate\\Foundation\\Http\\Kernel->handle(Object(Illuminate\\Http\\Request))
#33 /Users/ayangefelix/Documents/Programs/Laravel-Project/mailer-send/vendor/laravel/framework/src/Illuminate/Foundation/resources/server.php(16): require_once('/Users/ayangefe...')
#34 {main}
"} 
[2022-07-24 15:34:25] local.ERROR: Symfony\Component\Routing\Route::sanitizeRequirement(): Argument #2 ($regex) must be of type string, null given, called in /Users/ayangefelix/Documents/Programs/Laravel-Project/mailer-send/vendor/symfony/routing/Route.php on line 346 on line 431 in /Users/ayangefelix/Documents/Programs/Laravel-Project/mailer-send/vendor/symfony/routing/Route.php  
[2022-07-24 20:02:06] local.ERROR: The POST method is not supported for this route. Supported methods: GET, HEAD. on line 118 in /Users/ayangefelix/Documents/Programs/Laravel-Project/mailer-send/vendor/laravel/framework/src/Illuminate/Routing/AbstractRouteCollection.php  
[2022-07-26 11:26:06] local.ERROR: Unable to open path "/Users/ayangefelix/Documents/Programs/Laravel-Project/mailer-send/public/files/165870202525.jpeg". {"exception":"[object] (Symfony\\Component\\Mime\\Exception\\InvalidArgumentException(code: 0): Unable to open path \"/Users/ayangefelix/Documents/Programs/Laravel-Project/mailer-send/public/files/165870202525.jpeg\". at /Users/ayangefelix/Documents/Programs/Laravel-Project/mailer-send/vendor/symfony/mime/Part/DataPart.php:69)
[stacktrace]
#0 /Users/ayangefelix/Documents/Programs/Laravel-Project/mailer-send/vendor/symfony/mime/Email.php(510): Symfony\\Component\\Mime\\Part\\DataPart::fromPath('/Users/ayangefe...', NULL, 'image/jpeg')
#1 /Users/ayangefelix/Documents/Programs/Laravel-Project/mailer-send/vendor/symfony/mime/Email.php(492): Symfony\\Component\\Mime\\Email->createDataPart(Array)
#2 /Users/ayangefelix/Documents/Programs/Laravel-Project/mailer-send/vendor/symfony/mime/Email.php(436): Symfony\\Component\\Mime\\Email->prepareParts()
#3 /Users/ayangefelix/Documents/Programs/Laravel-Project/mailer-send/vendor/symfony/mime/Email.php(400): Symfony\\Component\\Mime\\Email->generateBody()
#4 /Users/ayangefelix/Documents/Programs/Laravel-Project/mailer-send/vendor/symfony/mime/Message.php(117): Symfony\\Component\\Mime\\Email->getBody()
#5 /Users/ayangefelix/Documents/Programs/Laravel-Project/mailer-send/vendor/symfony/mime/RawMessage.php(49): Symfony\\Component\\Mime\\Message->toIterable()
#6 /Users/ayangefelix/Documents/Programs/Laravel-Project/mailer-send/vendor/symfony/mailer/Transport/Smtp/Stream/AbstractStream.php(112): Symfony\\Component\\Mime\\RawMessage->toIterable()
#7 /Users/ayangefelix/Documents/Programs/Laravel-Project/mailer-send/vendor/symfony/mailer/Transport/Smtp/SmtpTransport.php(206): Symfony\\Component\\Mailer\\Transport\\Smtp\\Stream\\AbstractStream::replace('\\
.', '\\
..', Object(Generator))
#8 /Users/ayangefelix/Documents/Programs/Laravel-Project/mailer-send/vendor/symfony/mailer/Transport/AbstractTransport.php(68): Symfony\\Component\\Mailer\\Transport\\Smtp\\SmtpTransport->doSend(Object(Symfony\\Component\\Mailer\\SentMessage))
#9 /Users/ayangefelix/Documents/Programs/Laravel-Project/mailer-send/vendor/symfony/mailer/Transport/Smtp/SmtpTransport.php(136): Symfony\\Component\\Mailer\\Transport\\AbstractTransport->send(Object(Symfony\\Component\\Mailer\\SentMessage), Object(Symfony\\Component\\Mailer\\DelayedEnvelope))
#10 /Users/ayangefelix/Documents/Programs/Laravel-Project/mailer-send/vendor/laravel/framework/src/Illuminate/Mail/Mailer.php(521): Symfony\\Component\\Mailer\\Transport\\Smtp\\SmtpTransport->send(Object(Symfony\\Component\\Mime\\Email), Object(Symfony\\Component\\Mailer\\DelayedEnvelope))
#11 /Users/ayangefelix/Documents/Programs/Laravel-Project/mailer-send/vendor/laravel/framework/src/Illuminate/Mail/Mailer.php(285): Illuminate\\Mail\\Mailer->sendSymfonyMessage(Object(Symfony\\Component\\Mime\\Email))
#12 /Users/ayangefelix/Documents/Programs/Laravel-Project/mailer-send/vendor/laravel/framework/src/Illuminate/Mail/Mailable.php(211): Illuminate\\Mail\\Mailer->send('emails.send-ema...', Array, Object(Closure))
#13 /Users/ayangefelix/Documents/Programs/Laravel-Project/mailer-send/vendor/laravel/framework/src/Illuminate/Support/Traits/Localizable.php(19): Illuminate\\Mail\\Mailable->Illuminate\\Mail\\{closure}()
#14 /Users/ayangefelix/Documents/Programs/Laravel-Project/mailer-send/vendor/laravel/framework/src/Illuminate/Mail/Mailable.php(212): Illuminate\\Mail\\Mailable->withLocale(NULL, Object(Closure))
#15 /Users/ayangefelix/Documents/Programs/Laravel-Project/mailer-send/vendor/laravel/framework/src/Illuminate/Mail/SendQueuedMailable.php(65): Illuminate\\Mail\\Mailable->send(Object(Illuminate\\Mail\\MailManager))
#16 /Users/ayangefelix/Documents/Programs/Laravel-Project/mailer-send/vendor/laravel/framework/src/Illuminate/Container/BoundMethod.php(36): Illuminate\\Mail\\SendQueuedMailable->handle(Object(Illuminate\\Mail\\MailManager))
#17 /Users/ayangefelix/Documents/Programs/Laravel-Project/mailer-send/vendor/laravel/framework/src/Illuminate/Container/Util.php(41): Illuminate\\Container\\BoundMethod::Illuminate\\Container\\{closure}()
#18 /Users/ayangefelix/Documents/Programs/Laravel-Project/mailer-send/vendor/laravel/framework/src/Illuminate/Container/BoundMethod.php(93): Illuminate\\Container\\Util::unwrapIfClosure(Object(Closure))
#19 /Users/ayangefelix/Documents/Programs/Laravel-Project/mailer-send/vendor/laravel/framework/src/Illuminate/Container/BoundMethod.php(37): Illuminate\\Container\\BoundMethod::callBoundMethod(Object(Illuminate\\Foundation\\Application), Array, Object(Closure))
#20 /Users/ayangefelix/Documents/Programs/Laravel-Project/mailer-send/vendor/laravel/framework/src/Illuminate/Container/Container.php(651): Illuminate\\Container\\BoundMethod::call(Object(Illuminate\\Foundation\\Application), Array, Array, NULL)
#21 /Users/ayangefelix/Documents/Programs/Laravel-Project/mailer-send/vendor/laravel/framework/src/Illuminate/Bus/Dispatcher.php(128): Illuminate\\Container\\Container->call(Array)
#22 /Users/ayangefelix/Documents/Programs/Laravel-Project/mailer-send/vendor/laravel/framework/src/Illuminate/Pipeline/Pipeline.php(141): Illuminate\\Bus\\Dispatcher->Illuminate\\Bus\\{closure}(Object(Illuminate\\Mail\\SendQueuedMailable))
#23 /Users/ayangefelix/Documents/Programs/Laravel-Project/mailer-send/vendor/laravel/framework/src/Illuminate/Pipeline/Pipeline.php(116): Illuminate\\Pipeline\\Pipeline->Illuminate\\Pipeline\\{closure}(Object(Illuminate\\Mail\\SendQueuedMailable))
#24 /Users/ayangefelix/Documents/Programs/Laravel-Project/mailer-send/vendor/laravel/framework/src/Illuminate/Bus/Dispatcher.php(132): Illuminate\\Pipeline\\Pipeline->then(Object(Closure))
#25 /Users/ayangefelix/Documents/Programs/Laravel-Project/mailer-send/vendor/laravel/framework/src/Illuminate/Queue/CallQueuedHandler.php(123): Illuminate\\Bus\\Dispatcher->dispatchNow(Object(Illuminate\\Mail\\SendQueuedMailable), false)
#26 /Users/ayangefelix/Documents/Programs/Laravel-Project/mailer-send/vendor/laravel/framework/src/Illuminate/Pipeline/Pipeline.php(141): Illuminate\\Queue\\CallQueuedHandler->Illuminate\\Queue\\{closure}(Object(Illuminate\\Mail\\SendQueuedMailable))
#27 /Users/ayangefelix/Documents/Programs/Laravel-Project/mailer-send/vendor/laravel/framework/src/Illuminate/Pipeline/Pipeline.php(116): Illuminate\\Pipeline\\Pipeline->Illuminate\\Pipeline\\{closure}(Object(Illuminate\\Mail\\SendQueuedMailable))
#28 /Users/ayangefelix/Documents/Programs/Laravel-Project/mailer-send/vendor/laravel/framework/src/Illuminate/Queue/CallQueuedHandler.php(125): Illuminate\\Pipeline\\Pipeline->then(Object(Closure))
#29 /Users/ayangefelix/Documents/Programs/Laravel-Project/mailer-send/vendor/laravel/framework/src/Illuminate/Queue/CallQueuedHandler.php(69): Illuminate\\Queue\\CallQueuedHandler->dispatchThroughMiddleware(Object(Illuminate\\Queue\\Jobs\\DatabaseJob), Object(Illuminate\\Mail\\SendQueuedMailable))
#30 /Users/ayangefelix/Documents/Programs/Laravel-Project/mailer-send/vendor/laravel/framework/src/Illuminate/Queue/Jobs/Job.php(98): Illuminate\\Queue\\CallQueuedHandler->call(Object(Illuminate\\Queue\\Jobs\\DatabaseJob), Array)
#31 /Users/ayangefelix/Documents/Programs/Laravel-Project/mailer-send/vendor/laravel/framework/src/Illuminate/Queue/Worker.php(429): Illuminate\\Queue\\Jobs\\Job->fire()
#32 /Users/ayangefelix/Documents/Programs/Laravel-Project/mailer-send/vendor/laravel/framework/src/Illuminate/Queue/Worker.php(379): Illuminate\\Queue\\Worker->process('database', Object(Illuminate\\Queue\\Jobs\\DatabaseJob), Object(Illuminate\\Queue\\WorkerOptions))
#33 /Users/ayangefelix/Documents/Programs/Laravel-Project/mailer-send/vendor/laravel/framework/src/Illuminate/Queue/Worker.php(173): Illuminate\\Queue\\Worker->runJob(Object(Illuminate\\Queue\\Jobs\\DatabaseJob), 'database', Object(Illuminate\\Queue\\WorkerOptions))
#34 /Users/ayangefelix/Documents/Programs/Laravel-Project/mailer-send/vendor/laravel/framework/src/Illuminate/Queue/Console/WorkCommand.php(150): Illuminate\\Queue\\Worker->daemon('database', 'default', Object(Illuminate\\Queue\\WorkerOptions))
#35 /Users/ayangefelix/Documents/Programs/Laravel-Project/mailer-send/vendor/laravel/framework/src/Illuminate/Queue/Console/WorkCommand.php(134): Illuminate\\Queue\\Console\\WorkCommand->runWorker('database', 'default')
#36 /Users/ayangefelix/Documents/Programs/Laravel-Project/mailer-send/vendor/laravel/framework/src/Illuminate/Container/BoundMethod.php(36): Illuminate\\Queue\\Console\\WorkCommand->handle()
#37 /Users/ayangefelix/Documents/Programs/Laravel-Project/mailer-send/vendor/laravel/framework/src/Illuminate/Container/Util.php(41): Illuminate\\Container\\BoundMethod::Illuminate\\Container\\{closure}()
#38 /Users/ayangefelix/Documents/Programs/Laravel-Project/mailer-send/vendor/laravel/framework/src/Illuminate/Container/BoundMethod.php(93): Illuminate\\Container\\Util::unwrapIfClosure(Object(Closure))
#39 /Users/ayangefelix/Documents/Programs/Laravel-Project/mailer-send/vendor/laravel/framework/src/Illuminate/Container/BoundMethod.php(37): Illuminate\\Container\\BoundMethod::callBoundMethod(Object(Illuminate\\Foundation\\Application), Array, Object(Closure))
#40 /Users/ayangefelix/Documents/Programs/Laravel-Project/mailer-send/vendor/laravel/framework/src/Illuminate/Container/Container.php(651): Illuminate\\Container\\BoundMethod::call(Object(Illuminate\\Foundation\\Application), Array, Array, NULL)
#41 /Users/ayangefelix/Documents/Programs/Laravel-Project/mailer-send/vendor/laravel/framework/src/Illuminate/Console/Command.php(139): Illuminate\\Container\\Container->call(Array)
#42 /Users/ayangefelix/Documents/Programs/Laravel-Project/mailer-send/vendor/symfony/console/Command/Command.php(291): Illuminate\\Console\\Command->execute(Object(Symfony\\Component\\Console\\Input\\ArgvInput), Object(Illuminate\\Console\\OutputStyle))
#43 /Users/ayangefelix/Documents/Programs/Laravel-Project/mailer-send/vendor/laravel/framework/src/Illuminate/Console/Command.php(124): Symfony\\Component\\Console\\Command\\Command->run(Object(Symfony\\Component\\Console\\Input\\ArgvInput), Object(Illuminate\\Console\\OutputStyle))
#44 /Users/ayangefelix/Documents/Programs/Laravel-Project/mailer-send/vendor/symfony/console/Application.php(998): Illuminate\\Console\\Command->run(Object(Symfony\\Component\\Console\\Input\\ArgvInput), Object(Symfony\\Component\\Console\\Output\\ConsoleOutput))
#45 /Users/ayangefelix/Documents/Programs/Laravel-Project/mailer-send/vendor/symfony/console/Application.php(299): Symfony\\Component\\Console\\Application->doRunCommand(Object(Illuminate\\Queue\\Console\\WorkCommand), Object(Symfony\\Component\\Console\\Input\\ArgvInput), Object(Symfony\\Component\\Console\\Output\\ConsoleOutput))
#46 /Users/ayangefelix/Documents/Programs/Laravel-Project/mailer-send/vendor/symfony/console/Application.php(171): Symfony\\Component\\Console\\Application->doRun(Object(Symfony\\Component\\Console\\Input\\ArgvInput), Object(Symfony\\Component\\Console\\Output\\ConsoleOutput))
#47 /Users/ayangefelix/Documents/Programs/Laravel-Project/mailer-send/vendor/laravel/framework/src/Illuminate/Console/Application.php(102): Symfony\\Component\\Console\\Application->run(Object(Symfony\\Component\\Console\\Input\\ArgvInput), Object(Symfony\\Component\\Console\\Output\\ConsoleOutput))
#48 /Users/ayangefelix/Documents/Programs/Laravel-Project/mailer-send/vendor/laravel/framework/src/Illuminate/Foundation/Console/Kernel.php(129): Illuminate\\Console\\Application->run(Object(Symfony\\Component\\Console\\Input\\ArgvInput), Object(Symfony\\Component\\Console\\Output\\ConsoleOutput))
#49 /Users/ayangefelix/Documents/Programs/Laravel-Project/mailer-send/artisan(37): Illuminate\\Foundation\\Console\\Kernel->handle(Object(Symfony\\Component\\Console\\Input\\ArgvInput), Object(Symfony\\Component\\Console\\Output\\ConsoleOutput))
#50 {main}
"} 
[2022-07-26 11:26:12] local.ERROR: Unable to open path "/Users/ayangefelix/Documents/Programs/Laravel-Project/mailer-send/public/files/165870202525.jpeg". {"exception":"[object] (Symfony\\Component\\Mime\\Exception\\InvalidArgumentException(code: 0): Unable to open path \"/Users/ayangefelix/Documents/Programs/Laravel-Project/mailer-send/public/files/165870202525.jpeg\". at /Users/ayangefelix/Documents/Programs/Laravel-Project/mailer-send/vendor/symfony/mime/Part/DataPart.php:69)
[stacktrace]
#0 /Users/ayangefelix/Documents/Programs/Laravel-Project/mailer-send/vendor/symfony/mime/Email.php(510): Symfony\\Component\\Mime\\Part\\DataPart::fromPath('/Users/ayangefe...', NULL, 'image/jpeg')
#1 /Users/ayangefelix/Documents/Programs/Laravel-Project/mailer-send/vendor/symfony/mime/Email.php(492): Symfony\\Component\\Mime\\Email->createDataPart(Array)
#2 /Users/ayangefelix/Documents/Programs/Laravel-Project/mailer-send/vendor/symfony/mime/Email.php(436): Symfony\\Component\\Mime\\Email->prepareParts()
#3 /Users/ayangefelix/Documents/Programs/Laravel-Project/mailer-send/vendor/symfony/mime/Email.php(400): Symfony\\Component\\Mime\\Email->generateBody()
#4 /Users/ayangefelix/Documents/Programs/Laravel-Project/mailer-send/vendor/symfony/mime/Message.php(117): Symfony\\Component\\Mime\\Email->getBody()
#5 /Users/ayangefelix/Documents/Programs/Laravel-Project/mailer-send/vendor/symfony/mime/RawMessage.php(49): Symfony\\Component\\Mime\\Message->toIterable()
#6 /Users/ayangefelix/Documents/Programs/Laravel-Project/mailer-send/vendor/symfony/mailer/Transport/Smtp/Stream/AbstractStream.php(112): Symfony\\Component\\Mime\\RawMessage->toIterable()
#7 /Users/ayangefelix/Documents/Programs/Laravel-Project/mailer-send/vendor/symfony/mailer/Transport/Smtp/SmtpTransport.php(206): Symfony\\Component\\Mailer\\Transport\\Smtp\\Stream\\AbstractStream::replace('\\
.', '\\
..', Object(Generator))
#8 /Users/ayangefelix/Documents/Programs/Laravel-Project/mailer-send/vendor/symfony/mailer/Transport/AbstractTransport.php(68): Symfony\\Component\\Mailer\\Transport\\Smtp\\SmtpTransport->doSend(Object(Symfony\\Component\\Mailer\\SentMessage))
#9 /Users/ayangefelix/Documents/Programs/Laravel-Project/mailer-send/vendor/symfony/mailer/Transport/Smtp/SmtpTransport.php(136): Symfony\\Component\\Mailer\\Transport\\AbstractTransport->send(Object(Symfony\\Component\\Mailer\\SentMessage), Object(Symfony\\Component\\Mailer\\DelayedEnvelope))
#10 /Users/ayangefelix/Documents/Programs/Laravel-Project/mailer-send/vendor/laravel/framework/src/Illuminate/Mail/Mailer.php(521): Symfony\\Component\\Mailer\\Transport\\Smtp\\SmtpTransport->send(Object(Symfony\\Component\\Mime\\Email), Object(Symfony\\Component\\Mailer\\DelayedEnvelope))
#11 /Users/ayangefelix/Documents/Programs/Laravel-Project/mailer-send/vendor/laravel/framework/src/Illuminate/Mail/Mailer.php(285): Illuminate\\Mail\\Mailer->sendSymfonyMessage(Object(Symfony\\Component\\Mime\\Email))
#12 /Users/ayangefelix/Documents/Programs/Laravel-Project/mailer-send/vendor/laravel/framework/src/Illuminate/Mail/Mailable.php(211): Illuminate\\Mail\\Mailer->send('emails.send-ema...', Array, Object(Closure))
#13 /Users/ayangefelix/Documents/Programs/Laravel-Project/mailer-send/vendor/laravel/framework/src/Illuminate/Support/Traits/Localizable.php(19): Illuminate\\Mail\\Mailable->Illuminate\\Mail\\{closure}()
#14 /Users/ayangefelix/Documents/Programs/Laravel-Project/mailer-send/vendor/laravel/framework/src/Illuminate/Mail/Mailable.php(212): Illuminate\\Mail\\Mailable->withLocale(NULL, Object(Closure))
#15 /Users/ayangefelix/Documents/Programs/Laravel-Project/mailer-send/vendor/laravel/framework/src/Illuminate/Mail/SendQueuedMailable.php(65): Illuminate\\Mail\\Mailable->send(Object(Illuminate\\Mail\\MailManager))
#16 /Users/ayangefelix/Documents/Programs/Laravel-Project/mailer-send/vendor/laravel/framework/src/Illuminate/Container/BoundMethod.php(36): Illuminate\\Mail\\SendQueuedMailable->handle(Object(Illuminate\\Mail\\MailManager))
#17 /Users/ayangefelix/Documents/Programs/Laravel-Project/mailer-send/vendor/laravel/framework/src/Illuminate/Container/Util.php(41): Illuminate\\Container\\BoundMethod::Illuminate\\Container\\{closure}()
#18 /Users/ayangefelix/Documents/Programs/Laravel-Project/mailer-send/vendor/laravel/framework/src/Illuminate/Container/BoundMethod.php(93): Illuminate\\Container\\Util::unwrapIfClosure(Object(Closure))
#19 /Users/ayangefelix/Documents/Programs/Laravel-Project/mailer-send/vendor/laravel/framework/src/Illuminate/Container/BoundMethod.php(37): Illuminate\\Container\\BoundMethod::callBoundMethod(Object(Illuminate\\Foundation\\Application), Array, Object(Closure))
#20 /Users/ayangefelix/Documents/Programs/Laravel-Project/mailer-send/vendor/laravel/framework/src/Illuminate/Container/Container.php(651): Illuminate\\Container\\BoundMethod::call(Object(Illuminate\\Foundation\\Application), Array, Array, NULL)
#21 /Users/ayangefelix/Documents/Programs/Laravel-Project/mailer-send/vendor/laravel/framework/src/Illuminate/Bus/Dispatcher.php(128): Illuminate\\Container\\Container->call(Array)
#22 /Users/ayangefelix/Documents/Programs/Laravel-Project/mailer-send/vendor/laravel/framework/src/Illuminate/Pipeline/Pipeline.php(141): Illuminate\\Bus\\Dispatcher->Illuminate\\Bus\\{closure}(Object(Illuminate\\Mail\\SendQueuedMailable))
#23 /Users/ayangefelix/Documents/Programs/Laravel-Project/mailer-send/vendor/laravel/framework/src/Illuminate/Pipeline/Pipeline.php(116): Illuminate\\Pipeline\\Pipeline->Illuminate\\Pipeline\\{closure}(Object(Illuminate\\Mail\\SendQueuedMailable))
#24 /Users/ayangefelix/Documents/Programs/Laravel-Project/mailer-send/vendor/laravel/framework/src/Illuminate/Bus/Dispatcher.php(132): Illuminate\\Pipeline\\Pipeline->then(Object(Closure))
#25 /Users/ayangefelix/Documents/Programs/Laravel-Project/mailer-send/vendor/laravel/framework/src/Illuminate/Queue/CallQueuedHandler.php(123): Illuminate\\Bus\\Dispatcher->dispatchNow(Object(Illuminate\\Mail\\SendQueuedMailable), false)
#26 /Users/ayangefelix/Documents/Programs/Laravel-Project/mailer-send/vendor/laravel/framework/src/Illuminate/Pipeline/Pipeline.php(141): Illuminate\\Queue\\CallQueuedHandler->Illuminate\\Queue\\{closure}(Object(Illuminate\\Mail\\SendQueuedMailable))
#27 /Users/ayangefelix/Documents/Programs/Laravel-Project/mailer-send/vendor/laravel/framework/src/Illuminate/Pipeline/Pipeline.php(116): Illuminate\\Pipeline\\Pipeline->Illuminate\\Pipeline\\{closure}(Object(Illuminate\\Mail\\SendQueuedMailable))
#28 /Users/ayangefelix/Documents/Programs/Laravel-Project/mailer-send/vendor/laravel/framework/src/Illuminate/Queue/CallQueuedHandler.php(125): Illuminate\\Pipeline\\Pipeline->then(Object(Closure))
#29 /Users/ayangefelix/Documents/Programs/Laravel-Project/mailer-send/vendor/laravel/framework/src/Illuminate/Queue/CallQueuedHandler.php(69): Illuminate\\Queue\\CallQueuedHandler->dispatchThroughMiddleware(Object(Illuminate\\Queue\\Jobs\\DatabaseJob), Object(Illuminate\\Mail\\SendQueuedMailable))
#30 /Users/ayangefelix/Documents/Programs/Laravel-Project/mailer-send/vendor/laravel/framework/src/Illuminate/Queue/Jobs/Job.php(98): Illuminate\\Queue\\CallQueuedHandler->call(Object(Illuminate\\Queue\\Jobs\\DatabaseJob), Array)
#31 /Users/ayangefelix/Documents/Programs/Laravel-Project/mailer-send/vendor/laravel/framework/src/Illuminate/Queue/Worker.php(429): Illuminate\\Queue\\Jobs\\Job->fire()
#32 /Users/ayangefelix/Documents/Programs/Laravel-Project/mailer-send/vendor/laravel/framework/src/Illuminate/Queue/Worker.php(379): Illuminate\\Queue\\Worker->process('database', Object(Illuminate\\Queue\\Jobs\\DatabaseJob), Object(Illuminate\\Queue\\WorkerOptions))
#33 /Users/ayangefelix/Documents/Programs/Laravel-Project/mailer-send/vendor/laravel/framework/src/Illuminate/Queue/Worker.php(173): Illuminate\\Queue\\Worker->runJob(Object(Illuminate\\Queue\\Jobs\\DatabaseJob), 'database', Object(Illuminate\\Queue\\WorkerOptions))
#34 /Users/ayangefelix/Documents/Programs/Laravel-Project/mailer-send/vendor/laravel/framework/src/Illuminate/Queue/Console/WorkCommand.php(150): Illuminate\\Queue\\Worker->daemon('database', 'default', Object(Illuminate\\Queue\\WorkerOptions))
#35 /Users/ayangefelix/Documents/Programs/Laravel-Project/mailer-send/vendor/laravel/framework/src/Illuminate/Queue/Console/WorkCommand.php(134): Illuminate\\Queue\\Console\\WorkCommand->runWorker('database', 'default')
#36 /Users/ayangefelix/Documents/Programs/Laravel-Project/mailer-send/vendor/laravel/framework/src/Illuminate/Container/BoundMethod.php(36): Illuminate\\Queue\\Console\\WorkCommand->handle()
#37 /Users/ayangefelix/Documents/Programs/Laravel-Project/mailer-send/vendor/laravel/framework/src/Illuminate/Container/Util.php(41): Illuminate\\Container\\BoundMethod::Illuminate\\Container\\{closure}()
#38 /Users/ayangefelix/Documents/Programs/Laravel-Project/mailer-send/vendor/laravel/framework/src/Illuminate/Container/BoundMethod.php(93): Illuminate\\Container\\Util::unwrapIfClosure(Object(Closure))
#39 /Users/ayangefelix/Documents/Programs/Laravel-Project/mailer-send/vendor/laravel/framework/src/Illuminate/Container/BoundMethod.php(37): Illuminate\\Container\\BoundMethod::callBoundMethod(Object(Illuminate\\Foundation\\Application), Array, Object(Closure))
#40 /Users/ayangefelix/Documents/Programs/Laravel-Project/mailer-send/vendor/laravel/framework/src/Illuminate/Container/Container.php(651): Illuminate\\Container\\BoundMethod::call(Object(Illuminate\\Foundation\\Application), Array, Array, NULL)
#41 /Users/ayangefelix/Documents/Programs/Laravel-Project/mailer-send/vendor/laravel/framework/src/Illuminate/Console/Command.php(139): Illuminate\\Container\\Container->call(Array)
#42 /Users/ayangefelix/Documents/Programs/Laravel-Project/mailer-send/vendor/symfony/console/Command/Command.php(291): Illuminate\\Console\\Command->execute(Object(Symfony\\Component\\Console\\Input\\ArgvInput), Object(Illuminate\\Console\\OutputStyle))
#43 /Users/ayangefelix/Documents/Programs/Laravel-Project/mailer-send/vendor/laravel/framework/src/Illuminate/Console/Command.php(124): Symfony\\Component\\Console\\Command\\Command->run(Object(Symfony\\Component\\Console\\Input\\ArgvInput), Object(Illuminate\\Console\\OutputStyle))
#44 /Users/ayangefelix/Documents/Programs/Laravel-Project/mailer-send/vendor/symfony/console/Application.php(998): Illuminate\\Console\\Command->run(Object(Symfony\\Component\\Console\\Input\\ArgvInput), Object(Symfony\\Component\\Console\\Output\\ConsoleOutput))
#45 /Users/ayangefelix/Documents/Programs/Laravel-Project/mailer-send/vendor/symfony/console/Application.php(299): Symfony\\Component\\Console\\Application->doRunCommand(Object(Illuminate\\Queue\\Console\\WorkCommand), Object(Symfony\\Component\\Console\\Input\\ArgvInput), Object(Symfony\\Component\\Console\\Output\\ConsoleOutput))
#46 /Users/ayangefelix/Documents/Programs/Laravel-Project/mailer-send/vendor/symfony/console/Application.php(171): Symfony\\Component\\Console\\Application->doRun(Object(Symfony\\Component\\Console\\Input\\ArgvInput), Object(Symfony\\Component\\Console\\Output\\ConsoleOutput))
#47 /Users/ayangefelix/Documents/Programs/Laravel-Project/mailer-send/vendor/laravel/framework/src/Illuminate/Console/Application.php(102): Symfony\\Component\\Console\\Application->run(Object(Symfony\\Component\\Console\\Input\\ArgvInput), Object(Symfony\\Component\\Console\\Output\\ConsoleOutput))
#48 /Users/ayangefelix/Documents/Programs/Laravel-Project/mailer-send/vendor/laravel/framework/src/Illuminate/Foundation/Console/Kernel.php(129): Illuminate\\Console\\Application->run(Object(Symfony\\Component\\Console\\Input\\ArgvInput), Object(Symfony\\Component\\Console\\Output\\ConsoleOutput))
#49 /Users/ayangefelix/Documents/Programs/Laravel-Project/mailer-send/artisan(37): Illuminate\\Foundation\\Console\\Kernel->handle(Object(Symfony\\Component\\Console\\Input\\ArgvInput), Object(Symfony\\Component\\Console\\Output\\ConsoleOutput))
#50 {main}
"} 
[2022-07-26 11:26:16] local.ERROR: Unable to open path "/Users/ayangefelix/Documents/Programs/Laravel-Project/mailer-send/public/files/165870208687.jpeg". {"exception":"[object] (Symfony\\Component\\Mime\\Exception\\InvalidArgumentException(code: 0): Unable to open path \"/Users/ayangefelix/Documents/Programs/Laravel-Project/mailer-send/public/files/165870208687.jpeg\". at /Users/ayangefelix/Documents/Programs/Laravel-Project/mailer-send/vendor/symfony/mime/Part/DataPart.php:69)
[stacktrace]
#0 /Users/ayangefelix/Documents/Programs/Laravel-Project/mailer-send/vendor/symfony/mime/Email.php(510): Symfony\\Component\\Mime\\Part\\DataPart::fromPath('/Users/ayangefe...', NULL, 'image/jpeg')
#1 /Users/ayangefelix/Documents/Programs/Laravel-Project/mailer-send/vendor/symfony/mime/Email.php(492): Symfony\\Component\\Mime\\Email->createDataPart(Array)
#2 /Users/ayangefelix/Documents/Programs/Laravel-Project/mailer-send/vendor/symfony/mime/Email.php(436): Symfony\\Component\\Mime\\Email->prepareParts()
#3 /Users/ayangefelix/Documents/Programs/Laravel-Project/mailer-send/vendor/symfony/mime/Email.php(400): Symfony\\Component\\Mime\\Email->generateBody()
#4 /Users/ayangefelix/Documents/Programs/Laravel-Project/mailer-send/vendor/symfony/mime/Message.php(117): Symfony\\Component\\Mime\\Email->getBody()
#5 /Users/ayangefelix/Documents/Programs/Laravel-Project/mailer-send/vendor/symfony/mime/RawMessage.php(49): Symfony\\Component\\Mime\\Message->toIterable()
#6 /Users/ayangefelix/Documents/Programs/Laravel-Project/mailer-send/vendor/symfony/mailer/Transport/Smtp/Stream/AbstractStream.php(112): Symfony\\Component\\Mime\\RawMessage->toIterable()
#7 /Users/ayangefelix/Documents/Programs/Laravel-Project/mailer-send/vendor/symfony/mailer/Transport/Smtp/SmtpTransport.php(206): Symfony\\Component\\Mailer\\Transport\\Smtp\\Stream\\AbstractStream::replace('\\
.', '\\
..', Object(Generator))
#8 /Users/ayangefelix/Documents/Programs/Laravel-Project/mailer-send/vendor/symfony/mailer/Transport/AbstractTransport.php(68): Symfony\\Component\\Mailer\\Transport\\Smtp\\SmtpTransport->doSend(Object(Symfony\\Component\\Mailer\\SentMessage))
#9 /Users/ayangefelix/Documents/Programs/Laravel-Project/mailer-send/vendor/symfony/mailer/Transport/Smtp/SmtpTransport.php(136): Symfony\\Component\\Mailer\\Transport\\AbstractTransport->send(Object(Symfony\\Component\\Mailer\\SentMessage), Object(Symfony\\Component\\Mailer\\DelayedEnvelope))
#10 /Users/ayangefelix/Documents/Programs/Laravel-Project/mailer-send/vendor/laravel/framework/src/Illuminate/Mail/Mailer.php(521): Symfony\\Component\\Mailer\\Transport\\Smtp\\SmtpTransport->send(Object(Symfony\\Component\\Mime\\Email), Object(Symfony\\Component\\Mailer\\DelayedEnvelope))
#11 /Users/ayangefelix/Documents/Programs/Laravel-Project/mailer-send/vendor/laravel/framework/src/Illuminate/Mail/Mailer.php(285): Illuminate\\Mail\\Mailer->sendSymfonyMessage(Object(Symfony\\Component\\Mime\\Email))
#12 /Users/ayangefelix/Documents/Programs/Laravel-Project/mailer-send/vendor/laravel/framework/src/Illuminate/Mail/Mailable.php(211): Illuminate\\Mail\\Mailer->send('emails.send-ema...', Array, Object(Closure))
#13 /Users/ayangefelix/Documents/Programs/Laravel-Project/mailer-send/vendor/laravel/framework/src/Illuminate/Support/Traits/Localizable.php(19): Illuminate\\Mail\\Mailable->Illuminate\\Mail\\{closure}()
#14 /Users/ayangefelix/Documents/Programs/Laravel-Project/mailer-send/vendor/laravel/framework/src/Illuminate/Mail/Mailable.php(212): Illuminate\\Mail\\Mailable->withLocale(NULL, Object(Closure))
#15 /Users/ayangefelix/Documents/Programs/Laravel-Project/mailer-send/vendor/laravel/framework/src/Illuminate/Mail/SendQueuedMailable.php(65): Illuminate\\Mail\\Mailable->send(Object(Illuminate\\Mail\\MailManager))
#16 /Users/ayangefelix/Documents/Programs/Laravel-Project/mailer-send/vendor/laravel/framework/src/Illuminate/Container/BoundMethod.php(36): Illuminate\\Mail\\SendQueuedMailable->handle(Object(Illuminate\\Mail\\MailManager))
#17 /Users/ayangefelix/Documents/Programs/Laravel-Project/mailer-send/vendor/laravel/framework/src/Illuminate/Container/Util.php(41): Illuminate\\Container\\BoundMethod::Illuminate\\Container\\{closure}()
#18 /Users/ayangefelix/Documents/Programs/Laravel-Project/mailer-send/vendor/laravel/framework/src/Illuminate/Container/BoundMethod.php(93): Illuminate\\Container\\Util::unwrapIfClosure(Object(Closure))
#19 /Users/ayangefelix/Documents/Programs/Laravel-Project/mailer-send/vendor/laravel/framework/src/Illuminate/Container/BoundMethod.php(37): Illuminate\\Container\\BoundMethod::callBoundMethod(Object(Illuminate\\Foundation\\Application), Array, Object(Closure))
#20 /Users/ayangefelix/Documents/Programs/Laravel-Project/mailer-send/vendor/laravel/framework/src/Illuminate/Container/Container.php(651): Illuminate\\Container\\BoundMethod::call(Object(Illuminate\\Foundation\\Application), Array, Array, NULL)
#21 /Users/ayangefelix/Documents/Programs/Laravel-Project/mailer-send/vendor/laravel/framework/src/Illuminate/Bus/Dispatcher.php(128): Illuminate\\Container\\Container->call(Array)
#22 /Users/ayangefelix/Documents/Programs/Laravel-Project/mailer-send/vendor/laravel/framework/src/Illuminate/Pipeline/Pipeline.php(141): Illuminate\\Bus\\Dispatcher->Illuminate\\Bus\\{closure}(Object(Illuminate\\Mail\\SendQueuedMailable))
#23 /Users/ayangefelix/Documents/Programs/Laravel-Project/mailer-send/vendor/laravel/framework/src/Illuminate/Pipeline/Pipeline.php(116): Illuminate\\Pipeline\\Pipeline->Illuminate\\Pipeline\\{closure}(Object(Illuminate\\Mail\\SendQueuedMailable))
#24 /Users/ayangefelix/Documents/Programs/Laravel-Project/mailer-send/vendor/laravel/framework/src/Illuminate/Bus/Dispatcher.php(132): Illuminate\\Pipeline\\Pipeline->then(Object(Closure))
#25 /Users/ayangefelix/Documents/Programs/Laravel-Project/mailer-send/vendor/laravel/framework/src/Illuminate/Queue/CallQueuedHandler.php(123): Illuminate\\Bus\\Dispatcher->dispatchNow(Object(Illuminate\\Mail\\SendQueuedMailable), false)
#26 /Users/ayangefelix/Documents/Programs/Laravel-Project/mailer-send/vendor/laravel/framework/src/Illuminate/Pipeline/Pipeline.php(141): Illuminate\\Queue\\CallQueuedHandler->Illuminate\\Queue\\{closure}(Object(Illuminate\\Mail\\SendQueuedMailable))
#27 /Users/ayangefelix/Documents/Programs/Laravel-Project/mailer-send/vendor/laravel/framework/src/Illuminate/Pipeline/Pipeline.php(116): Illuminate\\Pipeline\\Pipeline->Illuminate\\Pipeline\\{closure}(Object(Illuminate\\Mail\\SendQueuedMailable))
#28 /Users/ayangefelix/Documents/Programs/Laravel-Project/mailer-send/vendor/laravel/framework/src/Illuminate/Queue/CallQueuedHandler.php(125): Illuminate\\Pipeline\\Pipeline->then(Object(Closure))
#29 /Users/ayangefelix/Documents/Programs/Laravel-Project/mailer-send/vendor/laravel/framework/src/Illuminate/Queue/CallQueuedHandler.php(69): Illuminate\\Queue\\CallQueuedHandler->dispatchThroughMiddleware(Object(Illuminate\\Queue\\Jobs\\DatabaseJob), Object(Illuminate\\Mail\\SendQueuedMailable))
#30 /Users/ayangefelix/Documents/Programs/Laravel-Project/mailer-send/vendor/laravel/framework/src/Illuminate/Queue/Jobs/Job.php(98): Illuminate\\Queue\\CallQueuedHandler->call(Object(Illuminate\\Queue\\Jobs\\DatabaseJob), Array)
#31 /Users/ayangefelix/Documents/Programs/Laravel-Project/mailer-send/vendor/laravel/framework/src/Illuminate/Queue/Worker.php(429): Illuminate\\Queue\\Jobs\\Job->fire()
#32 /Users/ayangefelix/Documents/Programs/Laravel-Project/mailer-send/vendor/laravel/framework/src/Illuminate/Queue/Worker.php(379): Illuminate\\Queue\\Worker->process('database', Object(Illuminate\\Queue\\Jobs\\DatabaseJob), Object(Illuminate\\Queue\\WorkerOptions))
#33 /Users/ayangefelix/Documents/Programs/Laravel-Project/mailer-send/vendor/laravel/framework/src/Illuminate/Queue/Worker.php(173): Illuminate\\Queue\\Worker->runJob(Object(Illuminate\\Queue\\Jobs\\DatabaseJob), 'database', Object(Illuminate\\Queue\\WorkerOptions))
#34 /Users/ayangefelix/Documents/Programs/Laravel-Project/mailer-send/vendor/laravel/framework/src/Illuminate/Queue/Console/WorkCommand.php(150): Illuminate\\Queue\\Worker->daemon('database', 'default', Object(Illuminate\\Queue\\WorkerOptions))
#35 /Users/ayangefelix/Documents/Programs/Laravel-Project/mailer-send/vendor/laravel/framework/src/Illuminate/Queue/Console/WorkCommand.php(134): Illuminate\\Queue\\Console\\WorkCommand->runWorker('database', 'default')
#36 /Users/ayangefelix/Documents/Programs/Laravel-Project/mailer-send/vendor/laravel/framework/src/Illuminate/Container/BoundMethod.php(36): Illuminate\\Queue\\Console\\WorkCommand->handle()
#37 /Users/ayangefelix/Documents/Programs/Laravel-Project/mailer-send/vendor/laravel/framework/src/Illuminate/Container/Util.php(41): Illuminate\\Container\\BoundMethod::Illuminate\\Container\\{closure}()
#38 /Users/ayangefelix/Documents/Programs/Laravel-Project/mailer-send/vendor/laravel/framework/src/Illuminate/Container/BoundMethod.php(93): Illuminate\\Container\\Util::unwrapIfClosure(Object(Closure))
#39 /Users/ayangefelix/Documents/Programs/Laravel-Project/mailer-send/vendor/laravel/framework/src/Illuminate/Container/BoundMethod.php(37): Illuminate\\Container\\BoundMethod::callBoundMethod(Object(Illuminate\\Foundation\\Application), Array, Object(Closure))
#40 /Users/ayangefelix/Documents/Programs/Laravel-Project/mailer-send/vendor/laravel/framework/src/Illuminate/Container/Container.php(651): Illuminate\\Container\\BoundMethod::call(Object(Illuminate\\Foundation\\Application), Array, Array, NULL)
#41 /Users/ayangefelix/Documents/Programs/Laravel-Project/mailer-send/vendor/laravel/framework/src/Illuminate/Console/Command.php(139): Illuminate\\Container\\Container->call(Array)
#42 /Users/ayangefelix/Documents/Programs/Laravel-Project/mailer-send/vendor/symfony/console/Command/Command.php(291): Illuminate\\Console\\Command->execute(Object(Symfony\\Component\\Console\\Input\\ArgvInput), Object(Illuminate\\Console\\OutputStyle))
#43 /Users/ayangefelix/Documents/Programs/Laravel-Project/mailer-send/vendor/laravel/framework/src/Illuminate/Console/Command.php(124): Symfony\\Component\\Console\\Command\\Command->run(Object(Symfony\\Component\\Console\\Input\\ArgvInput), Object(Illuminate\\Console\\OutputStyle))
#44 /Users/ayangefelix/Documents/Programs/Laravel-Project/mailer-send/vendor/symfony/console/Application.php(998): Illuminate\\Console\\Command->run(Object(Symfony\\Component\\Console\\Input\\ArgvInput), Object(Symfony\\Component\\Console\\Output\\ConsoleOutput))
#45 /Users/ayangefelix/Documents/Programs/Laravel-Project/mailer-send/vendor/symfony/console/Application.php(299): Symfony\\Component\\Console\\Application->doRunCommand(Object(Illuminate\\Queue\\Console\\WorkCommand), Object(Symfony\\Component\\Console\\Input\\ArgvInput), Object(Symfony\\Component\\Console\\Output\\ConsoleOutput))
#46 /Users/ayangefelix/Documents/Programs/Laravel-Project/mailer-send/vendor/symfony/console/Application.php(171): Symfony\\Component\\Console\\Application->doRun(Object(Symfony\\Component\\Console\\Input\\ArgvInput), Object(Symfony\\Component\\Console\\Output\\ConsoleOutput))
#47 /Users/ayangefelix/Documents/Programs/Laravel-Project/mailer-send/vendor/laravel/framework/src/Illuminate/Console/Application.php(102): Symfony\\Component\\Console\\Application->run(Object(Symfony\\Component\\Console\\Input\\ArgvInput), Object(Symfony\\Component\\Console\\Output\\ConsoleOutput))
#48 /Users/ayangefelix/Documents/Programs/Laravel-Project/mailer-send/vendor/laravel/framework/src/Illuminate/Foundation/Console/Kernel.php(129): Illuminate\\Console\\Application->run(Object(Symfony\\Component\\Console\\Input\\ArgvInput), Object(Symfony\\Component\\Console\\Output\\ConsoleOutput))
#49 /Users/ayangefelix/Documents/Programs/Laravel-Project/mailer-send/artisan(37): Illuminate\\Foundation\\Console\\Kernel->handle(Object(Symfony\\Component\\Console\\Input\\ArgvInput), Object(Symfony\\Component\\Console\\Output\\ConsoleOutput))
#50 {main}
"} 
[2022-07-26 11:26:20] local.ERROR: Unable to open path "/Users/ayangefelix/Documents/Programs/Laravel-Project/mailer-send/public/files/165870208687.jpeg". {"exception":"[object] (Symfony\\Component\\Mime\\Exception\\InvalidArgumentException(code: 0): Unable to open path \"/Users/ayangefelix/Documents/Programs/Laravel-Project/mailer-send/public/files/165870208687.jpeg\". at /Users/ayangefelix/Documents/Programs/Laravel-Project/mailer-send/vendor/symfony/mime/Part/DataPart.php:69)
[stacktrace]
#0 /Users/ayangefelix/Documents/Programs/Laravel-Project/mailer-send/vendor/symfony/mime/Email.php(510): Symfony\\Component\\Mime\\Part\\DataPart::fromPath('/Users/ayangefe...', NULL, 'image/jpeg')
#1 /Users/ayangefelix/Documents/Programs/Laravel-Project/mailer-send/vendor/symfony/mime/Email.php(492): Symfony\\Component\\Mime\\Email->createDataPart(Array)
#2 /Users/ayangefelix/Documents/Programs/Laravel-Project/mailer-send/vendor/symfony/mime/Email.php(436): Symfony\\Component\\Mime\\Email->prepareParts()
#3 /Users/ayangefelix/Documents/Programs/Laravel-Project/mailer-send/vendor/symfony/mime/Email.php(400): Symfony\\Component\\Mime\\Email->generateBody()
#4 /Users/ayangefelix/Documents/Programs/Laravel-Project/mailer-send/vendor/symfony/mime/Message.php(117): Symfony\\Component\\Mime\\Email->getBody()
#5 /Users/ayangefelix/Documents/Programs/Laravel-Project/mailer-send/vendor/symfony/mime/RawMessage.php(49): Symfony\\Component\\Mime\\Message->toIterable()
#6 /Users/ayangefelix/Documents/Programs/Laravel-Project/mailer-send/vendor/symfony/mailer/Transport/Smtp/Stream/AbstractStream.php(112): Symfony\\Component\\Mime\\RawMessage->toIterable()
#7 /Users/ayangefelix/Documents/Programs/Laravel-Project/mailer-send/vendor/symfony/mailer/Transport/Smtp/SmtpTransport.php(206): Symfony\\Component\\Mailer\\Transport\\Smtp\\Stream\\AbstractStream::replace('\\
.', '\\
..', Object(Generator))
#8 /Users/ayangefelix/Documents/Programs/Laravel-Project/mailer-send/vendor/symfony/mailer/Transport/AbstractTransport.php(68): Symfony\\Component\\Mailer\\Transport\\Smtp\\SmtpTransport->doSend(Object(Symfony\\Component\\Mailer\\SentMessage))
#9 /Users/ayangefelix/Documents/Programs/Laravel-Project/mailer-send/vendor/symfony/mailer/Transport/Smtp/SmtpTransport.php(136): Symfony\\Component\\Mailer\\Transport\\AbstractTransport->send(Object(Symfony\\Component\\Mailer\\SentMessage), Object(Symfony\\Component\\Mailer\\DelayedEnvelope))
#10 /Users/ayangefelix/Documents/Programs/Laravel-Project/mailer-send/vendor/laravel/framework/src/Illuminate/Mail/Mailer.php(521): Symfony\\Component\\Mailer\\Transport\\Smtp\\SmtpTransport->send(Object(Symfony\\Component\\Mime\\Email), Object(Symfony\\Component\\Mailer\\DelayedEnvelope))
#11 /Users/ayangefelix/Documents/Programs/Laravel-Project/mailer-send/vendor/laravel/framework/src/Illuminate/Mail/Mailer.php(285): Illuminate\\Mail\\Mailer->sendSymfonyMessage(Object(Symfony\\Component\\Mime\\Email))
#12 /Users/ayangefelix/Documents/Programs/Laravel-Project/mailer-send/vendor/laravel/framework/src/Illuminate/Mail/Mailable.php(211): Illuminate\\Mail\\Mailer->send('emails.send-ema...', Array, Object(Closure))
#13 /Users/ayangefelix/Documents/Programs/Laravel-Project/mailer-send/vendor/laravel/framework/src/Illuminate/Support/Traits/Localizable.php(19): Illuminate\\Mail\\Mailable->Illuminate\\Mail\\{closure}()
#14 /Users/ayangefelix/Documents/Programs/Laravel-Project/mailer-send/vendor/laravel/framework/src/Illuminate/Mail/Mailable.php(212): Illuminate\\Mail\\Mailable->withLocale(NULL, Object(Closure))
#15 /Users/ayangefelix/Documents/Programs/Laravel-Project/mailer-send/vendor/laravel/framework/src/Illuminate/Mail/SendQueuedMailable.php(65): Illuminate\\Mail\\Mailable->send(Object(Illuminate\\Mail\\MailManager))
#16 /Users/ayangefelix/Documents/Programs/Laravel-Project/mailer-send/vendor/laravel/framework/src/Illuminate/Container/BoundMethod.php(36): Illuminate\\Mail\\SendQueuedMailable->handle(Object(Illuminate\\Mail\\MailManager))
#17 /Users/ayangefelix/Documents/Programs/Laravel-Project/mailer-send/vendor/laravel/framework/src/Illuminate/Container/Util.php(41): Illuminate\\Container\\BoundMethod::Illuminate\\Container\\{closure}()
#18 /Users/ayangefelix/Documents/Programs/Laravel-Project/mailer-send/vendor/laravel/framework/src/Illuminate/Container/BoundMethod.php(93): Illuminate\\Container\\Util::unwrapIfClosure(Object(Closure))
#19 /Users/ayangefelix/Documents/Programs/Laravel-Project/mailer-send/vendor/laravel/framework/src/Illuminate/Container/BoundMethod.php(37): Illuminate\\Container\\BoundMethod::callBoundMethod(Object(Illuminate\\Foundation\\Application), Array, Object(Closure))
#20 /Users/ayangefelix/Documents/Programs/Laravel-Project/mailer-send/vendor/laravel/framework/src/Illuminate/Container/Container.php(651): Illuminate\\Container\\BoundMethod::call(Object(Illuminate\\Foundation\\Application), Array, Array, NULL)
#21 /Users/ayangefelix/Documents/Programs/Laravel-Project/mailer-send/vendor/laravel/framework/src/Illuminate/Bus/Dispatcher.php(128): Illuminate\\Container\\Container->call(Array)
#22 /Users/ayangefelix/Documents/Programs/Laravel-Project/mailer-send/vendor/laravel/framework/src/Illuminate/Pipeline/Pipeline.php(141): Illuminate\\Bus\\Dispatcher->Illuminate\\Bus\\{closure}(Object(Illuminate\\Mail\\SendQueuedMailable))
#23 /Users/ayangefelix/Documents/Programs/Laravel-Project/mailer-send/vendor/laravel/framework/src/Illuminate/Pipeline/Pipeline.php(116): Illuminate\\Pipeline\\Pipeline->Illuminate\\Pipeline\\{closure}(Object(Illuminate\\Mail\\SendQueuedMailable))
#24 /Users/ayangefelix/Documents/Programs/Laravel-Project/mailer-send/vendor/laravel/framework/src/Illuminate/Bus/Dispatcher.php(132): Illuminate\\Pipeline\\Pipeline->then(Object(Closure))
#25 /Users/ayangefelix/Documents/Programs/Laravel-Project/mailer-send/vendor/laravel/framework/src/Illuminate/Queue/CallQueuedHandler.php(123): Illuminate\\Bus\\Dispatcher->dispatchNow(Object(Illuminate\\Mail\\SendQueuedMailable), false)
#26 /Users/ayangefelix/Documents/Programs/Laravel-Project/mailer-send/vendor/laravel/framework/src/Illuminate/Pipeline/Pipeline.php(141): Illuminate\\Queue\\CallQueuedHandler->Illuminate\\Queue\\{closure}(Object(Illuminate\\Mail\\SendQueuedMailable))
#27 /Users/ayangefelix/Documents/Programs/Laravel-Project/mailer-send/vendor/laravel/framework/src/Illuminate/Pipeline/Pipeline.php(116): Illuminate\\Pipeline\\Pipeline->Illuminate\\Pipeline\\{closure}(Object(Illuminate\\Mail\\SendQueuedMailable))
#28 /Users/ayangefelix/Documents/Programs/Laravel-Project/mailer-send/vendor/laravel/framework/src/Illuminate/Queue/CallQueuedHandler.php(125): Illuminate\\Pipeline\\Pipeline->then(Object(Closure))
#29 /Users/ayangefelix/Documents/Programs/Laravel-Project/mailer-send/vendor/laravel/framework/src/Illuminate/Queue/CallQueuedHandler.php(69): Illuminate\\Queue\\CallQueuedHandler->dispatchThroughMiddleware(Object(Illuminate\\Queue\\Jobs\\DatabaseJob), Object(Illuminate\\Mail\\SendQueuedMailable))
#30 /Users/ayangefelix/Documents/Programs/Laravel-Project/mailer-send/vendor/laravel/framework/src/Illuminate/Queue/Jobs/Job.php(98): Illuminate\\Queue\\CallQueuedHandler->call(Object(Illuminate\\Queue\\Jobs\\DatabaseJob), Array)
#31 /Users/ayangefelix/Documents/Programs/Laravel-Project/mailer-send/vendor/laravel/framework/src/Illuminate/Queue/Worker.php(429): Illuminate\\Queue\\Jobs\\Job->fire()
#32 /Users/ayangefelix/Documents/Programs/Laravel-Project/mailer-send/vendor/laravel/framework/src/Illuminate/Queue/Worker.php(379): Illuminate\\Queue\\Worker->process('database', Object(Illuminate\\Queue\\Jobs\\DatabaseJob), Object(Illuminate\\Queue\\WorkerOptions))
#33 /Users/ayangefelix/Documents/Programs/Laravel-Project/mailer-send/vendor/laravel/framework/src/Illuminate/Queue/Worker.php(173): Illuminate\\Queue\\Worker->runJob(Object(Illuminate\\Queue\\Jobs\\DatabaseJob), 'database', Object(Illuminate\\Queue\\WorkerOptions))
#34 /Users/ayangefelix/Documents/Programs/Laravel-Project/mailer-send/vendor/laravel/framework/src/Illuminate/Queue/Console/WorkCommand.php(150): Illuminate\\Queue\\Worker->daemon('database', 'default', Object(Illuminate\\Queue\\WorkerOptions))
#35 /Users/ayangefelix/Documents/Programs/Laravel-Project/mailer-send/vendor/laravel/framework/src/Illuminate/Queue/Console/WorkCommand.php(134): Illuminate\\Queue\\Console\\WorkCommand->runWorker('database', 'default')
#36 /Users/ayangefelix/Documents/Programs/Laravel-Project/mailer-send/vendor/laravel/framework/src/Illuminate/Container/BoundMethod.php(36): Illuminate\\Queue\\Console\\WorkCommand->handle()
#37 /Users/ayangefelix/Documents/Programs/Laravel-Project/mailer-send/vendor/laravel/framework/src/Illuminate/Container/Util.php(41): Illuminate\\Container\\BoundMethod::Illuminate\\Container\\{closure}()
#38 /Users/ayangefelix/Documents/Programs/Laravel-Project/mailer-send/vendor/laravel/framework/src/Illuminate/Container/BoundMethod.php(93): Illuminate\\Container\\Util::unwrapIfClosure(Object(Closure))
#39 /Users/ayangefelix/Documents/Programs/Laravel-Project/mailer-send/vendor/laravel/framework/src/Illuminate/Container/BoundMethod.php(37): Illuminate\\Container\\BoundMethod::callBoundMethod(Object(Illuminate\\Foundation\\Application), Array, Object(Closure))
#40 /Users/ayangefelix/Documents/Programs/Laravel-Project/mailer-send/vendor/laravel/framework/src/Illuminate/Container/Container.php(651): Illuminate\\Container\\BoundMethod::call(Object(Illuminate\\Foundation\\Application), Array, Array, NULL)
#41 /Users/ayangefelix/Documents/Programs/Laravel-Project/mailer-send/vendor/laravel/framework/src/Illuminate/Console/Command.php(139): Illuminate\\Container\\Container->call(Array)
#42 /Users/ayangefelix/Documents/Programs/Laravel-Project/mailer-send/vendor/symfony/console/Command/Command.php(291): Illuminate\\Console\\Command->execute(Object(Symfony\\Component\\Console\\Input\\ArgvInput), Object(Illuminate\\Console\\OutputStyle))
#43 /Users/ayangefelix/Documents/Programs/Laravel-Project/mailer-send/vendor/laravel/framework/src/Illuminate/Console/Command.php(124): Symfony\\Component\\Console\\Command\\Command->run(Object(Symfony\\Component\\Console\\Input\\ArgvInput), Object(Illuminate\\Console\\OutputStyle))
#44 /Users/ayangefelix/Documents/Programs/Laravel-Project/mailer-send/vendor/symfony/console/Application.php(998): Illuminate\\Console\\Command->run(Object(Symfony\\Component\\Console\\Input\\ArgvInput), Object(Symfony\\Component\\Console\\Output\\ConsoleOutput))
#45 /Users/ayangefelix/Documents/Programs/Laravel-Project/mailer-send/vendor/symfony/console/Application.php(299): Symfony\\Component\\Console\\Application->doRunCommand(Object(Illuminate\\Queue\\Console\\WorkCommand), Object(Symfony\\Component\\Console\\Input\\ArgvInput), Object(Symfony\\Component\\Console\\Output\\ConsoleOutput))
#46 /Users/ayangefelix/Documents/Programs/Laravel-Project/mailer-send/vendor/symfony/console/Application.php(171): Symfony\\Component\\Console\\Application->doRun(Object(Symfony\\Component\\Console\\Input\\ArgvInput), Object(Symfony\\Component\\Console\\Output\\ConsoleOutput))
#47 /Users/ayangefelix/Documents/Programs/Laravel-Project/mailer-send/vendor/laravel/framework/src/Illuminate/Console/Application.php(102): Symfony\\Component\\Console\\Application->run(Object(Symfony\\Component\\Console\\Input\\ArgvInput), Object(Symfony\\Component\\Console\\Output\\ConsoleOutput))
#48 /Users/ayangefelix/Documents/Programs/Laravel-Project/mailer-send/vendor/laravel/framework/src/Illuminate/Foundation/Console/Kernel.php(129): Illuminate\\Console\\Application->run(Object(Symfony\\Component\\Console\\Input\\ArgvInput), Object(Symfony\\Component\\Console\\Output\\ConsoleOutput))
#49 /Users/ayangefelix/Documents/Programs/Laravel-Project/mailer-send/artisan(37): Illuminate\\Foundation\\Console\\Kernel->handle(Object(Symfony\\Component\\Console\\Input\\ArgvInput), Object(Symfony\\Component\\Console\\Output\\ConsoleOutput))
#50 {main}
"} 
